# Logfile created on 2014-09-14 21:32:05 +0530 by logger.rb/44203
I, [2014-09-14T21:32:05.142570 #5860]  INFO -- : 0:  rake (10.3.2) from /home/ethi/.rvm/gems/ruby-2.1.0/specifications/rake-10.3.2.gemspec
I, [2014-09-14T21:32:05.143806 #5860]  INFO -- : 0:  i18n (0.6.11) from /home/ethi/.rvm/gems/ruby-2.1.0/specifications/i18n-0.6.11.gemspec
I, [2014-09-14T21:32:05.149582 #5860]  INFO -- : 0:  multi_json (1.10.1) from /home/ethi/.rvm/gems/ruby-2.1.0/specifications/multi_json-1.10.1.gemspec
I, [2014-09-14T21:32:05.150702 #5860]  INFO -- : 0:  activesupport (3.2.17) from /home/ethi/.rvm/gems/ruby-2.1.0/specifications/activesupport-3.2.17.gemspec
I, [2014-09-14T21:32:05.151699 #5860]  INFO -- : 0:  builder (3.0.4) from /home/ethi/.rvm/gems/ruby-2.1.0/specifications/builder-3.0.4.gemspec
I, [2014-09-14T21:32:05.154645 #5860]  INFO -- : 0:  activemodel (3.2.17) from /home/ethi/.rvm/gems/ruby-2.1.0/specifications/activemodel-3.2.17.gemspec
I, [2014-09-14T21:32:05.156090 #5860]  INFO -- : 0:  erubis (2.7.0) from /home/ethi/.rvm/gems/ruby-2.1.0/specifications/erubis-2.7.0.gemspec
I, [2014-09-14T21:32:05.157247 #5860]  INFO -- : 0:  journey (1.0.4) from /home/ethi/.rvm/gems/ruby-2.1.0/specifications/journey-1.0.4.gemspec
I, [2014-09-14T21:32:05.158389 #5860]  INFO -- : 0:  rack (1.4.5) from /home/ethi/.rvm/gems/ruby-2.1.0/specifications/rack-1.4.5.gemspec
I, [2014-09-14T21:32:05.159469 #5860]  INFO -- : 0:  rack-cache (1.2) from /home/ethi/.rvm/gems/ruby-2.1.0/specifications/rack-cache-1.2.gemspec
I, [2014-09-14T21:32:05.160512 #5860]  INFO -- : 0:  rack-test (0.6.2) from /home/ethi/.rvm/gems/ruby-2.1.0/specifications/rack-test-0.6.2.gemspec
I, [2014-09-14T21:32:05.161578 #5860]  INFO -- : 0:  hike (1.2.3) from /home/ethi/.rvm/gems/ruby-2.1.0/specifications/hike-1.2.3.gemspec
I, [2014-09-14T21:32:05.162564 #5860]  INFO -- : 0:  tilt (1.4.1) from /home/ethi/.rvm/gems/ruby-2.1.0/specifications/tilt-1.4.1.gemspec
I, [2014-09-14T21:32:05.163561 #5860]  INFO -- : 0:  sprockets (2.2.2) from /home/ethi/.rvm/gems/ruby-2.1.0/specifications/sprockets-2.2.2.gemspec
I, [2014-09-14T21:32:05.164549 #5860]  INFO -- : 0:  actionpack (3.2.17) from /home/ethi/.rvm/gems/ruby-2.1.0/specifications/actionpack-3.2.17.gemspec
I, [2014-09-14T21:32:05.165582 #5860]  INFO -- : 0:  mime-types (1.25.1) from /home/ethi/.rvm/gems/ruby-2.1.0/specifications/mime-types-1.25.1.gemspec
I, [2014-09-14T21:32:05.166566 #5860]  INFO -- : 0:  polyglot (0.3.5) from /home/ethi/.rvm/gems/ruby-2.1.0/specifications/polyglot-0.3.5.gemspec
I, [2014-09-14T21:32:05.167532 #5860]  INFO -- : 0:  treetop (1.4.15) from /home/ethi/.rvm/gems/ruby-2.1.0/specifications/treetop-1.4.15.gemspec
I, [2014-09-14T21:32:05.168490 #5860]  INFO -- : 0:  mail (2.5.4) from /home/ethi/.rvm/gems/ruby-2.1.0/specifications/mail-2.5.4.gemspec
I, [2014-09-14T21:32:05.169631 #5860]  INFO -- : 0:  actionmailer (3.2.17) from /home/ethi/.rvm/gems/ruby-2.1.0/specifications/actionmailer-3.2.17.gemspec
I, [2014-09-14T21:32:05.170659 #5860]  INFO -- : 0:  arel (3.0.3) from /home/ethi/.rvm/gems/ruby-2.1.0/specifications/arel-3.0.3.gemspec
I, [2014-09-14T21:32:05.171634 #5860]  INFO -- : 0:  tzinfo (0.3.41) from /home/ethi/.rvm/gems/ruby-2.1.0/specifications/tzinfo-0.3.41.gemspec
I, [2014-09-14T21:32:05.172619 #5860]  INFO -- : 0:  activerecord (3.2.17) from /home/ethi/.rvm/gems/ruby-2.1.0/specifications/activerecord-3.2.17.gemspec
I, [2014-09-14T21:32:05.173637 #5860]  INFO -- : 0:  activeresource (3.2.17) from /home/ethi/.rvm/gems/ruby-2.1.0/specifications/activeresource-3.2.17.gemspec
I, [2014-09-14T21:32:19.655108 #5860]  INFO -- : 0:  addressable (2.3.6) from /home/ethi/.rvm/gems/ruby-2.1.0/specifications/addressable-2.3.6.gemspec
I, [2014-09-14T21:32:19.656359 #5860]  INFO -- : 0:  bcrypt (3.1.7) from /home/ethi/.rvm/gems/ruby-2.1.0/specifications/bcrypt-3.1.7.gemspec
I, [2014-09-14T21:32:19.657458 #5860]  INFO -- : 0:  coffee-script-source (1.8.0) from /home/ethi/.rvm/gems/ruby-2.1.0/specifications/coffee-script-source-1.8.0.gemspec
I, [2014-09-14T21:32:19.658432 #5860]  INFO -- : 0:  execjs (2.2.1) from /home/ethi/.rvm/gems/ruby-2.1.0/specifications/execjs-2.2.1.gemspec
I, [2014-09-14T21:32:19.659466 #5860]  INFO -- : 0:  coffee-script (2.3.0) from /home/ethi/.rvm/gems/ruby-2.1.0/specifications/coffee-script-2.3.0.gemspec
I, [2014-09-14T21:32:19.660505 #5860]  INFO -- : 0:  rack-ssl (1.3.4) from /home/ethi/.rvm/gems/ruby-2.1.0/specifications/rack-ssl-1.3.4.gemspec
I, [2014-09-14T21:32:24.331236 #5860]  INFO -- : 0:  json (1.8.1) from /home/ethi/.rvm/gems/ruby-2.1.0/specifications/json-1.8.1.gemspec
I, [2014-09-14T21:32:24.332625 #5860]  INFO -- : 0:  rdoc (3.12.2) from /home/ethi/.rvm/gems/ruby-2.1.0/specifications/rdoc-3.12.2.gemspec
I, [2014-09-14T21:32:24.333762 #5860]  INFO -- : 0:  thor (0.19.1) from /home/ethi/.rvm/gems/ruby-2.1.0/specifications/thor-0.19.1.gemspec
I, [2014-09-14T21:32:24.334921 #5860]  INFO -- : 0:  railties (3.2.17) from /home/ethi/.rvm/gems/ruby-2.1.0/specifications/railties-3.2.17.gemspec
I, [2014-09-14T21:32:24.335969 #5860]  INFO -- : 0:  coffee-rails (3.2.2) from /home/ethi/.rvm/gems/ruby-2.1.0/specifications/coffee-rails-3.2.2.gemspec
I, [2014-09-14T21:32:30.766086 #5860]  INFO -- : 0:  cookiejar (0.3.2) from /home/ethi/.rvm/gems/ruby-2.1.0/specifications/cookiejar-0.3.2.gemspec
I, [2014-09-14T21:32:34.609072 #5860]  INFO -- : 0:  daemons (1.1.9) from /home/ethi/.rvm/gems/ruby-2.1.0/specifications/daemons-1.1.9.gemspec
I, [2014-09-14T21:32:34.610271 #5860]  INFO -- : 0:  orm_adapter (0.5.0) from /home/ethi/.rvm/gems/ruby-2.1.0/specifications/orm_adapter-0.5.0.gemspec
I, [2014-09-14T21:32:34.611280 #5860]  INFO -- : 0:  thread_safe (0.3.4) from /home/ethi/.rvm/gems/ruby-2.1.0/specifications/thread_safe-0.3.4.gemspec
I, [2014-09-14T21:32:34.612288 #5860]  INFO -- : 0:  warden (1.2.3) from /home/ethi/.rvm/gems/ruby-2.1.0/specifications/warden-1.2.3.gemspec
I, [2014-09-14T21:32:34.613339 #5860]  INFO -- : 0:  devise (3.3.0) from /home/ethi/.rvm/gems/ruby-2.1.0/specifications/devise-3.3.0.gemspec
I, [2014-09-14T21:33:09.062434 #5860]  INFO -- : 0:  eventmachine (1.0.3) from /home/ethi/.rvm/gems/ruby-2.1.0/specifications/eventmachine-1.0.3.gemspec
I, [2014-09-14T21:33:16.123025 #5860]  INFO -- : 0:  em-socksify (0.3.0) from /home/ethi/.rvm/gems/ruby-2.1.0/specifications/em-socksify-0.3.0.gemspec
I, [2014-09-14T21:33:25.036546 #5860]  INFO -- : 0:  http_parser.rb (0.6.0) from /home/ethi/.rvm/gems/ruby-2.1.0/specifications/http_parser.rb-0.6.0.gemspec
I, [2014-09-14T21:33:32.446530 #5860]  INFO -- : 0:  em-http-request (1.1.2) from /home/ethi/.rvm/gems/ruby-2.1.0/specifications/em-http-request-1.1.2.gemspec
I, [2014-09-14T21:33:38.067676 #5860]  INFO -- : 0:  websocket-driver (0.3.4) from /home/ethi/.rvm/gems/ruby-2.1.0/specifications/websocket-driver-0.3.4.gemspec
I, [2014-09-14T21:33:42.369412 #5860]  INFO -- : 0:  faye-websocket (0.7.4) from /home/ethi/.rvm/gems/ruby-2.1.0/specifications/faye-websocket-0.7.4.gemspec
I, [2014-09-14T21:33:47.087488 #5860]  INFO -- : 0:  faye (1.0.3) from /home/ethi/.rvm/gems/ruby-2.1.0/specifications/faye-1.0.3.gemspec
I, [2014-09-14T21:33:47.088684 #5860]  INFO -- : 0:  jquery-rails (3.1.2) from /home/ethi/.rvm/gems/ruby-2.1.0/specifications/jquery-rails-3.1.2.gemspec
I, [2014-09-14T21:33:50.567847 #5860]  INFO -- : 0:  private_pub (1.0.3) from /home/ethi/.rvm/gems/ruby-2.1.0/specifications/private_pub-1.0.3.gemspec
I, [2014-09-14T21:33:50.569031 #5860]  INFO -- : 0:  bundler (1.5.0) from /home/ethi/.rvm/gems/ruby-2.1.0@global/specifications/bundler-1.5.0.gemspec
I, [2014-09-14T21:33:50.570075 #5860]  INFO -- : 0:  rails (3.2.17) from /home/ethi/.rvm/gems/ruby-2.1.0/specifications/rails-3.2.17.gemspec
I, [2014-09-14T21:33:50.571086 #5860]  INFO -- : 0:  sass (3.4.3) from /home/ethi/.rvm/gems/ruby-2.1.0/specifications/sass-3.4.3.gemspec
I, [2014-09-14T21:33:50.572087 #5860]  INFO -- : 0:  sass-rails (3.2.6) from /home/ethi/.rvm/gems/ruby-2.1.0/specifications/sass-rails-3.2.6.gemspec
I, [2014-09-14T21:33:50.573093 #5860]  INFO -- : 0:  sqlite3 (1.3.9) from /home/ethi/.rvm/gems/ruby-2.1.0/specifications/sqlite3-1.3.9.gemspec
I, [2014-09-14T21:33:54.611281 #5860]  INFO -- : 0:  strong_parameters (0.2.3) from /home/ethi/.rvm/gems/ruby-2.1.0/specifications/strong_parameters-0.2.3.gemspec
I, [2014-09-14T21:34:02.275053 #5860]  INFO -- : 0:  thin (1.6.2) from /home/ethi/.rvm/gems/ruby-2.1.0/specifications/thin-1.6.2.gemspec
I, [2014-09-14T21:34:02.276413 #5860]  INFO -- : 0:  uglifier (2.5.3) from /home/ethi/.rvm/gems/ruby-2.1.0/specifications/uglifier-2.5.3.gemspec
I, [2014-09-14T21:34:02.277548 #5860]  INFO -- : 0:  will_paginate (3.0.7) from /home/ethi/.rvm/gems/ruby-2.1.0/specifications/will_paginate-3.0.7.gemspec
I, [2014-09-14T21:34:02.278699 #5860]  INFO -- : 0:  zurb-foundation (4.3.2) from /home/ethi/.rvm/gems/ruby-2.1.0/specifications/zurb-foundation-4.3.2.gemspec
I, [2014-09-20T20:49:54.899948 #2703]  INFO -- : 0:  rake (10.3.2) from /home/ethi/.rvm/gems/ruby-2.1.0/specifications/rake-10.3.2.gemspec
I, [2014-09-20T20:49:54.901354 #2703]  INFO -- : 0:  i18n (0.6.11) from /home/ethi/.rvm/gems/ruby-2.1.0/specifications/i18n-0.6.11.gemspec
I, [2014-09-20T20:49:54.902415 #2703]  INFO -- : 0:  multi_json (1.10.1) from /home/ethi/.rvm/gems/ruby-2.1.0/specifications/multi_json-1.10.1.gemspec
I, [2014-09-20T20:49:54.903405 #2703]  INFO -- : 0:  activesupport (3.2.17) from /home/ethi/.rvm/gems/ruby-2.1.0/specifications/activesupport-3.2.17.gemspec
I, [2014-09-20T20:49:54.904366 #2703]  INFO -- : 0:  builder (3.0.4) from /home/ethi/.rvm/gems/ruby-2.1.0/specifications/builder-3.0.4.gemspec
I, [2014-09-20T20:49:54.905437 #2703]  INFO -- : 0:  activemodel (3.2.17) from /home/ethi/.rvm/gems/ruby-2.1.0/specifications/activemodel-3.2.17.gemspec
I, [2014-09-20T20:49:54.906424 #2703]  INFO -- : 0:  erubis (2.7.0) from /home/ethi/.rvm/gems/ruby-2.1.0/specifications/erubis-2.7.0.gemspec
I, [2014-09-20T20:49:54.907387 #2703]  INFO -- : 0:  journey (1.0.4) from /home/ethi/.rvm/gems/ruby-2.1.0/specifications/journey-1.0.4.gemspec
I, [2014-09-20T20:49:54.908322 #2703]  INFO -- : 0:  rack (1.4.5) from /home/ethi/.rvm/gems/ruby-2.1.0/specifications/rack-1.4.5.gemspec
I, [2014-09-20T20:49:54.909283 #2703]  INFO -- : 0:  rack-cache (1.2) from /home/ethi/.rvm/gems/ruby-2.1.0/specifications/rack-cache-1.2.gemspec
I, [2014-09-20T20:49:54.910235 #2703]  INFO -- : 0:  rack-test (0.6.2) from /home/ethi/.rvm/gems/ruby-2.1.0/specifications/rack-test-0.6.2.gemspec
I, [2014-09-20T20:49:54.911194 #2703]  INFO -- : 0:  hike (1.2.3) from /home/ethi/.rvm/gems/ruby-2.1.0/specifications/hike-1.2.3.gemspec
I, [2014-09-20T20:49:54.912105 #2703]  INFO -- : 0:  tilt (1.4.1) from /home/ethi/.rvm/gems/ruby-2.1.0/specifications/tilt-1.4.1.gemspec
I, [2014-09-20T20:49:54.913087 #2703]  INFO -- : 0:  sprockets (2.2.2) from /home/ethi/.rvm/gems/ruby-2.1.0/specifications/sprockets-2.2.2.gemspec
I, [2014-09-20T20:49:54.914043 #2703]  INFO -- : 0:  actionpack (3.2.17) from /home/ethi/.rvm/gems/ruby-2.1.0/specifications/actionpack-3.2.17.gemspec
I, [2014-09-20T20:49:54.915025 #2703]  INFO -- : 0:  mime-types (1.25.1) from /home/ethi/.rvm/gems/ruby-2.1.0/specifications/mime-types-1.25.1.gemspec
I, [2014-09-20T20:49:54.915976 #2703]  INFO -- : 0:  polyglot (0.3.5) from /home/ethi/.rvm/gems/ruby-2.1.0/specifications/polyglot-0.3.5.gemspec
I, [2014-09-20T20:49:54.916941 #2703]  INFO -- : 0:  treetop (1.4.15) from /home/ethi/.rvm/gems/ruby-2.1.0/specifications/treetop-1.4.15.gemspec
I, [2014-09-20T20:49:54.917905 #2703]  INFO -- : 0:  mail (2.5.4) from /home/ethi/.rvm/gems/ruby-2.1.0/specifications/mail-2.5.4.gemspec
I, [2014-09-20T20:49:54.918943 #2703]  INFO -- : 0:  actionmailer (3.2.17) from /home/ethi/.rvm/gems/ruby-2.1.0/specifications/actionmailer-3.2.17.gemspec
I, [2014-09-20T20:49:54.919967 #2703]  INFO -- : 0:  arel (3.0.3) from /home/ethi/.rvm/gems/ruby-2.1.0/specifications/arel-3.0.3.gemspec
I, [2014-09-20T20:49:54.920978 #2703]  INFO -- : 0:  tzinfo (0.3.41) from /home/ethi/.rvm/gems/ruby-2.1.0/specifications/tzinfo-0.3.41.gemspec
I, [2014-09-20T20:49:54.922017 #2703]  INFO -- : 0:  activerecord (3.2.17) from /home/ethi/.rvm/gems/ruby-2.1.0/specifications/activerecord-3.2.17.gemspec
I, [2014-09-20T20:49:54.923037 #2703]  INFO -- : 0:  activeresource (3.2.17) from /home/ethi/.rvm/gems/ruby-2.1.0/specifications/activeresource-3.2.17.gemspec
I, [2014-09-20T20:49:54.924050 #2703]  INFO -- : 0:  addressable (2.3.6) from /home/ethi/.rvm/gems/ruby-2.1.0/specifications/addressable-2.3.6.gemspec
I, [2014-09-20T20:49:54.924965 #2703]  INFO -- : 0:  bcrypt (3.1.7) from /home/ethi/.rvm/gems/ruby-2.1.0/specifications/bcrypt-3.1.7.gemspec
I, [2014-09-20T20:50:00.638762 #2703]  INFO -- : 0:  climate_control (0.0.3) from /home/ethi/.rvm/gems/ruby-2.1.0/specifications/climate_control-0.0.3.gemspec
I, [2014-09-20T20:50:05.132999 #2703]  INFO -- : 0:  cocaine (0.5.4) from /home/ethi/.rvm/gems/ruby-2.1.0/specifications/cocaine-0.5.4.gemspec
I, [2014-09-20T20:50:05.134318 #2703]  INFO -- : 0:  coffee-script-source (1.8.0) from /home/ethi/.rvm/gems/ruby-2.1.0/specifications/coffee-script-source-1.8.0.gemspec
I, [2014-09-20T20:50:05.135369 #2703]  INFO -- : 0:  execjs (2.2.1) from /home/ethi/.rvm/gems/ruby-2.1.0/specifications/execjs-2.2.1.gemspec
I, [2014-09-20T20:50:05.136321 #2703]  INFO -- : 0:  coffee-script (2.3.0) from /home/ethi/.rvm/gems/ruby-2.1.0/specifications/coffee-script-2.3.0.gemspec
I, [2014-09-20T20:50:05.137245 #2703]  INFO -- : 0:  rack-ssl (1.3.4) from /home/ethi/.rvm/gems/ruby-2.1.0/specifications/rack-ssl-1.3.4.gemspec
I, [2014-09-20T20:50:09.837645 #2703]  INFO -- : 0:  json (1.8.1) from /home/ethi/.rvm/gems/ruby-2.1.0/specifications/json-1.8.1.gemspec
I, [2014-09-20T20:50:09.839125 #2703]  INFO -- : 0:  rdoc (3.12.2) from /home/ethi/.rvm/gems/ruby-2.1.0/specifications/rdoc-3.12.2.gemspec
I, [2014-09-20T20:50:09.840150 #2703]  INFO -- : 0:  thor (0.19.1) from /home/ethi/.rvm/gems/ruby-2.1.0/specifications/thor-0.19.1.gemspec
I, [2014-09-20T20:50:09.841170 #2703]  INFO -- : 0:  railties (3.2.17) from /home/ethi/.rvm/gems/ruby-2.1.0/specifications/railties-3.2.17.gemspec
I, [2014-09-20T20:50:09.842400 #2703]  INFO -- : 0:  coffee-rails (3.2.2) from /home/ethi/.rvm/gems/ruby-2.1.0/specifications/coffee-rails-3.2.2.gemspec
I, [2014-09-20T20:50:09.843643 #2703]  INFO -- : 0:  cookiejar (0.3.2) from /home/ethi/.rvm/gems/ruby-2.1.0/specifications/cookiejar-0.3.2.gemspec
I, [2014-09-20T20:50:09.844820 #2703]  INFO -- : 0:  daemons (1.1.9) from /home/ethi/.rvm/gems/ruby-2.1.0/specifications/daemons-1.1.9.gemspec
I, [2014-09-20T20:50:09.845873 #2703]  INFO -- : 0:  orm_adapter (0.5.0) from /home/ethi/.rvm/gems/ruby-2.1.0/specifications/orm_adapter-0.5.0.gemspec
I, [2014-09-20T20:50:09.847007 #2703]  INFO -- : 0:  thread_safe (0.3.4) from /home/ethi/.rvm/gems/ruby-2.1.0/specifications/thread_safe-0.3.4.gemspec
I, [2014-09-20T20:50:09.849289 #2703]  INFO -- : 0:  warden (1.2.3) from /home/ethi/.rvm/gems/ruby-2.1.0/specifications/warden-1.2.3.gemspec
I, [2014-09-20T20:50:09.850528 #2703]  INFO -- : 0:  devise (3.3.0) from /home/ethi/.rvm/gems/ruby-2.1.0/specifications/devise-3.3.0.gemspec
I, [2014-09-20T20:50:09.851713 #2703]  INFO -- : 0:  eventmachine (1.0.3) from /home/ethi/.rvm/gems/ruby-2.1.0/specifications/eventmachine-1.0.3.gemspec
I, [2014-09-20T20:50:09.852719 #2703]  INFO -- : 0:  em-socksify (0.3.0) from /home/ethi/.rvm/gems/ruby-2.1.0/specifications/em-socksify-0.3.0.gemspec
I, [2014-09-20T20:50:09.853878 #2703]  INFO -- : 0:  http_parser.rb (0.6.0) from /home/ethi/.rvm/gems/ruby-2.1.0/specifications/http_parser.rb-0.6.0.gemspec
I, [2014-09-20T20:50:09.854885 #2703]  INFO -- : 0:  em-http-request (1.1.2) from /home/ethi/.rvm/gems/ruby-2.1.0/specifications/em-http-request-1.1.2.gemspec
I, [2014-09-20T20:50:09.855872 #2703]  INFO -- : 0:  websocket-driver (0.3.4) from /home/ethi/.rvm/gems/ruby-2.1.0/specifications/websocket-driver-0.3.4.gemspec
I, [2014-09-20T20:50:09.856971 #2703]  INFO -- : 0:  faye-websocket (0.7.4) from /home/ethi/.rvm/gems/ruby-2.1.0/specifications/faye-websocket-0.7.4.gemspec
I, [2014-09-20T20:50:09.858013 #2703]  INFO -- : 0:  faye (1.0.3) from /home/ethi/.rvm/gems/ruby-2.1.0/specifications/faye-1.0.3.gemspec
I, [2014-09-20T20:50:09.859131 #2703]  INFO -- : 0:  jquery-rails (3.1.2) from /home/ethi/.rvm/gems/ruby-2.1.0/specifications/jquery-rails-3.1.2.gemspec
I, [2014-09-20T21:04:59.069533 #5502]  INFO -- : 0:  rake (10.3.2) from /home/ethi/.rvm/gems/ruby-2.1.0/specifications/rake-10.3.2.gemspec
I, [2014-09-20T21:04:59.071891 #5502]  INFO -- : 0:  i18n (0.6.11) from /home/ethi/.rvm/gems/ruby-2.1.0/specifications/i18n-0.6.11.gemspec
I, [2014-09-20T21:04:59.074707 #5502]  INFO -- : 0:  multi_json (1.10.1) from /home/ethi/.rvm/gems/ruby-2.1.0/specifications/multi_json-1.10.1.gemspec
I, [2014-09-20T21:04:59.075733 #5502]  INFO -- : 0:  activesupport (3.2.17) from /home/ethi/.rvm/gems/ruby-2.1.0/specifications/activesupport-3.2.17.gemspec
I, [2014-09-20T21:04:59.076715 #5502]  INFO -- : 0:  builder (3.0.4) from /home/ethi/.rvm/gems/ruby-2.1.0/specifications/builder-3.0.4.gemspec
I, [2014-09-20T21:04:59.077739 #5502]  INFO -- : 0:  activemodel (3.2.17) from /home/ethi/.rvm/gems/ruby-2.1.0/specifications/activemodel-3.2.17.gemspec
I, [2014-09-20T21:04:59.078710 #5502]  INFO -- : 0:  erubis (2.7.0) from /home/ethi/.rvm/gems/ruby-2.1.0/specifications/erubis-2.7.0.gemspec
I, [2014-09-20T21:04:59.079669 #5502]  INFO -- : 0:  journey (1.0.4) from /home/ethi/.rvm/gems/ruby-2.1.0/specifications/journey-1.0.4.gemspec
I, [2014-09-20T21:04:59.080631 #5502]  INFO -- : 0:  rack (1.4.5) from /home/ethi/.rvm/gems/ruby-2.1.0/specifications/rack-1.4.5.gemspec
I, [2014-09-20T21:04:59.081625 #5502]  INFO -- : 0:  rack-cache (1.2) from /home/ethi/.rvm/gems/ruby-2.1.0/specifications/rack-cache-1.2.gemspec
I, [2014-09-20T21:04:59.082977 #5502]  INFO -- : 0:  rack-test (0.6.2) from /home/ethi/.rvm/gems/ruby-2.1.0/specifications/rack-test-0.6.2.gemspec
I, [2014-09-20T21:04:59.086134 #5502]  INFO -- : 0:  hike (1.2.3) from /home/ethi/.rvm/gems/ruby-2.1.0/specifications/hike-1.2.3.gemspec
I, [2014-09-20T21:04:59.087114 #5502]  INFO -- : 0:  tilt (1.4.1) from /home/ethi/.rvm/gems/ruby-2.1.0/specifications/tilt-1.4.1.gemspec
I, [2014-09-20T21:04:59.088068 #5502]  INFO -- : 0:  sprockets (2.2.2) from /home/ethi/.rvm/gems/ruby-2.1.0/specifications/sprockets-2.2.2.gemspec
I, [2014-09-20T21:04:59.089060 #5502]  INFO -- : 0:  actionpack (3.2.17) from /home/ethi/.rvm/gems/ruby-2.1.0/specifications/actionpack-3.2.17.gemspec
I, [2014-09-20T21:04:59.090167 #5502]  INFO -- : 0:  mime-types (1.25.1) from /home/ethi/.rvm/gems/ruby-2.1.0/specifications/mime-types-1.25.1.gemspec
I, [2014-09-20T21:04:59.091275 #5502]  INFO -- : 0:  polyglot (0.3.5) from /home/ethi/.rvm/gems/ruby-2.1.0/specifications/polyglot-0.3.5.gemspec
I, [2014-09-20T21:04:59.092313 #5502]  INFO -- : 0:  treetop (1.4.15) from /home/ethi/.rvm/gems/ruby-2.1.0/specifications/treetop-1.4.15.gemspec
I, [2014-09-20T21:04:59.093365 #5502]  INFO -- : 0:  mail (2.5.4) from /home/ethi/.rvm/gems/ruby-2.1.0/specifications/mail-2.5.4.gemspec
I, [2014-09-20T21:04:59.094421 #5502]  INFO -- : 0:  actionmailer (3.2.17) from /home/ethi/.rvm/gems/ruby-2.1.0/specifications/actionmailer-3.2.17.gemspec
I, [2014-09-20T21:04:59.095463 #5502]  INFO -- : 0:  arel (3.0.3) from /home/ethi/.rvm/gems/ruby-2.1.0/specifications/arel-3.0.3.gemspec
I, [2014-09-20T21:04:59.097266 #5502]  INFO -- : 0:  tzinfo (0.3.41) from /home/ethi/.rvm/gems/ruby-2.1.0/specifications/tzinfo-0.3.41.gemspec
I, [2014-09-20T21:04:59.100093 #5502]  INFO -- : 0:  activerecord (3.2.17) from /home/ethi/.rvm/gems/ruby-2.1.0/specifications/activerecord-3.2.17.gemspec
I, [2014-09-20T21:04:59.101050 #5502]  INFO -- : 0:  activeresource (3.2.17) from /home/ethi/.rvm/gems/ruby-2.1.0/specifications/activeresource-3.2.17.gemspec
I, [2014-09-20T21:04:59.102033 #5502]  INFO -- : 0:  addressable (2.3.6) from /home/ethi/.rvm/gems/ruby-2.1.0/specifications/addressable-2.3.6.gemspec
I, [2014-09-20T21:04:59.102989 #5502]  INFO -- : 0:  bcrypt (3.1.7) from /home/ethi/.rvm/gems/ruby-2.1.0/specifications/bcrypt-3.1.7.gemspec
I, [2014-09-20T21:04:59.103936 #5502]  INFO -- : 0:  climate_control (0.0.3) from /home/ethi/.rvm/gems/ruby-2.1.0/specifications/climate_control-0.0.3.gemspec
I, [2014-09-20T21:04:59.104877 #5502]  INFO -- : 0:  cocaine (0.5.4) from /home/ethi/.rvm/gems/ruby-2.1.0/specifications/cocaine-0.5.4.gemspec
I, [2014-09-20T21:04:59.106020 #5502]  INFO -- : 0:  coffee-script-source (1.8.0) from /home/ethi/.rvm/gems/ruby-2.1.0/specifications/coffee-script-source-1.8.0.gemspec
I, [2014-09-20T21:04:59.109114 #5502]  INFO -- : 0:  execjs (2.2.1) from /home/ethi/.rvm/gems/ruby-2.1.0/specifications/execjs-2.2.1.gemspec
I, [2014-09-20T21:04:59.110833 #5502]  INFO -- : 0:  coffee-script (2.3.0) from /home/ethi/.rvm/gems/ruby-2.1.0/specifications/coffee-script-2.3.0.gemspec
I, [2014-09-20T21:04:59.111798 #5502]  INFO -- : 0:  rack-ssl (1.3.4) from /home/ethi/.rvm/gems/ruby-2.1.0/specifications/rack-ssl-1.3.4.gemspec
I, [2014-09-20T21:05:03.422089 #5502]  INFO -- : 0:  json (1.8.1) from /home/ethi/.rvm/gems/ruby-2.1.0/specifications/json-1.8.1.gemspec
I, [2014-09-20T21:05:03.423366 #5502]  INFO -- : 0:  rdoc (3.12.2) from /home/ethi/.rvm/gems/ruby-2.1.0/specifications/rdoc-3.12.2.gemspec
I, [2014-09-20T21:05:03.424272 #5502]  INFO -- : 0:  thor (0.19.1) from /home/ethi/.rvm/gems/ruby-2.1.0/specifications/thor-0.19.1.gemspec
I, [2014-09-20T21:05:03.425125 #5502]  INFO -- : 0:  railties (3.2.17) from /home/ethi/.rvm/gems/ruby-2.1.0/specifications/railties-3.2.17.gemspec
I, [2014-09-20T21:05:03.426286 #5502]  INFO -- : 0:  coffee-rails (3.2.2) from /home/ethi/.rvm/gems/ruby-2.1.0/specifications/coffee-rails-3.2.2.gemspec
I, [2014-09-20T21:05:03.427660 #5502]  INFO -- : 0:  cookiejar (0.3.2) from /home/ethi/.rvm/gems/ruby-2.1.0/specifications/cookiejar-0.3.2.gemspec
I, [2014-09-20T21:05:03.428628 #5502]  INFO -- : 0:  daemons (1.1.9) from /home/ethi/.rvm/gems/ruby-2.1.0/specifications/daemons-1.1.9.gemspec
I, [2014-09-20T21:05:03.429574 #5502]  INFO -- : 0:  orm_adapter (0.5.0) from /home/ethi/.rvm/gems/ruby-2.1.0/specifications/orm_adapter-0.5.0.gemspec
I, [2014-09-20T21:05:03.430510 #5502]  INFO -- : 0:  thread_safe (0.3.4) from /home/ethi/.rvm/gems/ruby-2.1.0/specifications/thread_safe-0.3.4.gemspec
I, [2014-09-20T21:05:03.431370 #5502]  INFO -- : 0:  warden (1.2.3) from /home/ethi/.rvm/gems/ruby-2.1.0/specifications/warden-1.2.3.gemspec
I, [2014-09-20T21:05:03.432216 #5502]  INFO -- : 0:  devise (3.3.0) from /home/ethi/.rvm/gems/ruby-2.1.0/specifications/devise-3.3.0.gemspec
I, [2014-09-20T21:05:03.433133 #5502]  INFO -- : 0:  eventmachine (1.0.3) from /home/ethi/.rvm/gems/ruby-2.1.0/specifications/eventmachine-1.0.3.gemspec
I, [2014-09-20T21:05:03.434044 #5502]  INFO -- : 0:  em-socksify (0.3.0) from /home/ethi/.rvm/gems/ruby-2.1.0/specifications/em-socksify-0.3.0.gemspec
I, [2014-09-20T21:05:03.434936 #5502]  INFO -- : 0:  http_parser.rb (0.6.0) from /home/ethi/.rvm/gems/ruby-2.1.0/specifications/http_parser.rb-0.6.0.gemspec
I, [2014-09-20T21:05:03.435865 #5502]  INFO -- : 0:  em-http-request (1.1.2) from /home/ethi/.rvm/gems/ruby-2.1.0/specifications/em-http-request-1.1.2.gemspec
I, [2014-09-20T21:05:03.436824 #5502]  INFO -- : 0:  websocket-driver (0.3.4) from /home/ethi/.rvm/gems/ruby-2.1.0/specifications/websocket-driver-0.3.4.gemspec
I, [2014-09-20T21:05:03.438011 #5502]  INFO -- : 0:  faye-websocket (0.7.4) from /home/ethi/.rvm/gems/ruby-2.1.0/specifications/faye-websocket-0.7.4.gemspec
I, [2014-09-20T21:05:03.438940 #5502]  INFO -- : 0:  faye (1.0.3) from /home/ethi/.rvm/gems/ruby-2.1.0/specifications/faye-1.0.3.gemspec
I, [2014-09-20T21:05:03.440078 #5502]  INFO -- : 0:  jquery-rails (3.1.2) from /home/ethi/.rvm/gems/ruby-2.1.0/specifications/jquery-rails-3.1.2.gemspec
I, [2014-09-20T21:28:39.974066 #6485]  INFO -- : 0:  rake (10.3.2) from /home/ethi/.rvm/gems/ruby-2.1.0/specifications/rake-10.3.2.gemspec
I, [2014-09-20T21:28:39.975451 #6485]  INFO -- : 0:  i18n (0.6.11) from /home/ethi/.rvm/gems/ruby-2.1.0/specifications/i18n-0.6.11.gemspec
I, [2014-09-20T21:28:39.976465 #6485]  INFO -- : 0:  multi_json (1.10.1) from /home/ethi/.rvm/gems/ruby-2.1.0/specifications/multi_json-1.10.1.gemspec
I, [2014-09-20T21:28:39.977457 #6485]  INFO -- : 0:  activesupport (3.2.17) from /home/ethi/.rvm/gems/ruby-2.1.0/specifications/activesupport-3.2.17.gemspec
I, [2014-09-20T21:28:39.978521 #6485]  INFO -- : 0:  builder (3.0.4) from /home/ethi/.rvm/gems/ruby-2.1.0/specifications/builder-3.0.4.gemspec
I, [2014-09-20T21:28:39.979533 #6485]  INFO -- : 0:  activemodel (3.2.17) from /home/ethi/.rvm/gems/ruby-2.1.0/specifications/activemodel-3.2.17.gemspec
I, [2014-09-20T21:28:39.980467 #6485]  INFO -- : 0:  erubis (2.7.0) from /home/ethi/.rvm/gems/ruby-2.1.0/specifications/erubis-2.7.0.gemspec
I, [2014-09-20T21:28:39.981405 #6485]  INFO -- : 0:  journey (1.0.4) from /home/ethi/.rvm/gems/ruby-2.1.0/specifications/journey-1.0.4.gemspec
I, [2014-09-20T21:28:39.982415 #6485]  INFO -- : 0:  rack (1.4.5) from /home/ethi/.rvm/gems/ruby-2.1.0/specifications/rack-1.4.5.gemspec
I, [2014-09-20T21:28:39.983362 #6485]  INFO -- : 0:  rack-cache (1.2) from /home/ethi/.rvm/gems/ruby-2.1.0/specifications/rack-cache-1.2.gemspec
I, [2014-09-20T21:28:39.984294 #6485]  INFO -- : 0:  rack-test (0.6.2) from /home/ethi/.rvm/gems/ruby-2.1.0/specifications/rack-test-0.6.2.gemspec
I, [2014-09-20T21:28:39.985217 #6485]  INFO -- : 0:  hike (1.2.3) from /home/ethi/.rvm/gems/ruby-2.1.0/specifications/hike-1.2.3.gemspec
I, [2014-09-20T21:28:39.986187 #6485]  INFO -- : 0:  tilt (1.4.1) from /home/ethi/.rvm/gems/ruby-2.1.0/specifications/tilt-1.4.1.gemspec
I, [2014-09-20T21:28:39.987154 #6485]  INFO -- : 0:  sprockets (2.2.2) from /home/ethi/.rvm/gems/ruby-2.1.0/specifications/sprockets-2.2.2.gemspec
I, [2014-09-20T21:28:39.988111 #6485]  INFO -- : 0:  actionpack (3.2.17) from /home/ethi/.rvm/gems/ruby-2.1.0/specifications/actionpack-3.2.17.gemspec
I, [2014-09-20T21:28:39.989049 #6485]  INFO -- : 0:  mime-types (1.25.1) from /home/ethi/.rvm/gems/ruby-2.1.0/specifications/mime-types-1.25.1.gemspec
I, [2014-09-20T21:28:39.990029 #6485]  INFO -- : 0:  polyglot (0.3.5) from /home/ethi/.rvm/gems/ruby-2.1.0/specifications/polyglot-0.3.5.gemspec
I, [2014-09-20T21:28:39.991010 #6485]  INFO -- : 0:  treetop (1.4.15) from /home/ethi/.rvm/gems/ruby-2.1.0/specifications/treetop-1.4.15.gemspec
I, [2014-09-20T21:28:39.991973 #6485]  INFO -- : 0:  mail (2.5.4) from /home/ethi/.rvm/gems/ruby-2.1.0/specifications/mail-2.5.4.gemspec
I, [2014-09-20T21:28:39.992934 #6485]  INFO -- : 0:  actionmailer (3.2.17) from /home/ethi/.rvm/gems/ruby-2.1.0/specifications/actionmailer-3.2.17.gemspec
I, [2014-09-20T21:28:39.993933 #6485]  INFO -- : 0:  arel (3.0.3) from /home/ethi/.rvm/gems/ruby-2.1.0/specifications/arel-3.0.3.gemspec
I, [2014-09-20T21:28:39.994874 #6485]  INFO -- : 0:  tzinfo (0.3.41) from /home/ethi/.rvm/gems/ruby-2.1.0/specifications/tzinfo-0.3.41.gemspec
I, [2014-09-20T21:28:39.995873 #6485]  INFO -- : 0:  activerecord (3.2.17) from /home/ethi/.rvm/gems/ruby-2.1.0/specifications/activerecord-3.2.17.gemspec
I, [2014-09-20T21:28:39.996888 #6485]  INFO -- : 0:  activeresource (3.2.17) from /home/ethi/.rvm/gems/ruby-2.1.0/specifications/activeresource-3.2.17.gemspec
I, [2014-09-20T21:28:39.997925 #6485]  INFO -- : 0:  addressable (2.3.6) from /home/ethi/.rvm/gems/ruby-2.1.0/specifications/addressable-2.3.6.gemspec
I, [2014-09-20T21:28:39.998915 #6485]  INFO -- : 0:  bcrypt (3.1.7) from /home/ethi/.rvm/gems/ruby-2.1.0/specifications/bcrypt-3.1.7.gemspec
I, [2014-09-20T21:28:39.999883 #6485]  INFO -- : 0:  climate_control (0.0.3) from /home/ethi/.rvm/gems/ruby-2.1.0/specifications/climate_control-0.0.3.gemspec
I, [2014-09-20T21:28:40.000889 #6485]  INFO -- : 0:  cocaine (0.5.4) from /home/ethi/.rvm/gems/ruby-2.1.0/specifications/cocaine-0.5.4.gemspec
I, [2014-09-20T21:28:40.001946 #6485]  INFO -- : 0:  coffee-script-source (1.8.0) from /home/ethi/.rvm/gems/ruby-2.1.0/specifications/coffee-script-source-1.8.0.gemspec
I, [2014-09-20T21:28:40.002985 #6485]  INFO -- : 0:  execjs (2.2.1) from /home/ethi/.rvm/gems/ruby-2.1.0/specifications/execjs-2.2.1.gemspec
I, [2014-09-20T21:28:40.003976 #6485]  INFO -- : 0:  coffee-script (2.3.0) from /home/ethi/.rvm/gems/ruby-2.1.0/specifications/coffee-script-2.3.0.gemspec
I, [2014-09-20T21:28:40.004977 #6485]  INFO -- : 0:  rack-ssl (1.3.4) from /home/ethi/.rvm/gems/ruby-2.1.0/specifications/rack-ssl-1.3.4.gemspec
I, [2014-09-20T21:28:42.703635 #6485]  INFO -- : 0:  json (1.8.1) from /home/ethi/.rvm/gems/ruby-2.1.0/specifications/json-1.8.1.gemspec
I, [2014-09-20T21:28:42.705344 #6485]  INFO -- : 0:  rdoc (3.12.2) from /home/ethi/.rvm/gems/ruby-2.1.0/specifications/rdoc-3.12.2.gemspec
I, [2014-09-20T21:28:42.706584 #6485]  INFO -- : 0:  thor (0.19.1) from /home/ethi/.rvm/gems/ruby-2.1.0/specifications/thor-0.19.1.gemspec
I, [2014-09-20T21:28:42.708151 #6485]  INFO -- : 0:  railties (3.2.17) from /home/ethi/.rvm/gems/ruby-2.1.0/specifications/railties-3.2.17.gemspec
I, [2014-09-20T21:28:42.709418 #6485]  INFO -- : 0:  coffee-rails (3.2.2) from /home/ethi/.rvm/gems/ruby-2.1.0/specifications/coffee-rails-3.2.2.gemspec
I, [2014-09-20T21:28:42.710905 #6485]  INFO -- : 0:  cookiejar (0.3.2) from /home/ethi/.rvm/gems/ruby-2.1.0/specifications/cookiejar-0.3.2.gemspec
I, [2014-09-20T21:28:42.712244 #6485]  INFO -- : 0:  daemons (1.1.9) from /home/ethi/.rvm/gems/ruby-2.1.0/specifications/daemons-1.1.9.gemspec
I, [2014-09-20T21:28:42.713425 #6485]  INFO -- : 0:  orm_adapter (0.5.0) from /home/ethi/.rvm/gems/ruby-2.1.0/specifications/orm_adapter-0.5.0.gemspec
I, [2014-09-20T21:28:42.717274 #6485]  INFO -- : 0:  thread_safe (0.3.4) from /home/ethi/.rvm/gems/ruby-2.1.0/specifications/thread_safe-0.3.4.gemspec
I, [2014-09-20T21:28:42.719645 #6485]  INFO -- : 0:  warden (1.2.3) from /home/ethi/.rvm/gems/ruby-2.1.0/specifications/warden-1.2.3.gemspec
I, [2014-09-20T21:28:42.720896 #6485]  INFO -- : 0:  devise (3.3.0) from /home/ethi/.rvm/gems/ruby-2.1.0/specifications/devise-3.3.0.gemspec
I, [2014-09-20T21:28:42.722157 #6485]  INFO -- : 0:  eventmachine (1.0.3) from /home/ethi/.rvm/gems/ruby-2.1.0/specifications/eventmachine-1.0.3.gemspec
I, [2014-09-20T21:28:42.723315 #6485]  INFO -- : 0:  em-socksify (0.3.0) from /home/ethi/.rvm/gems/ruby-2.1.0/specifications/em-socksify-0.3.0.gemspec
I, [2014-09-20T21:28:42.724461 #6485]  INFO -- : 0:  http_parser.rb (0.6.0) from /home/ethi/.rvm/gems/ruby-2.1.0/specifications/http_parser.rb-0.6.0.gemspec
I, [2014-09-20T21:28:42.725687 #6485]  INFO -- : 0:  em-http-request (1.1.2) from /home/ethi/.rvm/gems/ruby-2.1.0/specifications/em-http-request-1.1.2.gemspec
I, [2014-09-20T21:28:42.727016 #6485]  INFO -- : 0:  websocket-driver (0.3.4) from /home/ethi/.rvm/gems/ruby-2.1.0/specifications/websocket-driver-0.3.4.gemspec
I, [2014-09-20T21:28:42.728345 #6485]  INFO -- : 0:  faye-websocket (0.7.4) from /home/ethi/.rvm/gems/ruby-2.1.0/specifications/faye-websocket-0.7.4.gemspec
I, [2014-09-20T21:28:42.731477 #6485]  INFO -- : 0:  faye (1.0.3) from /home/ethi/.rvm/gems/ruby-2.1.0/specifications/faye-1.0.3.gemspec
I, [2014-09-20T21:28:42.733273 #6485]  INFO -- : 0:  jquery-rails (3.1.2) from /home/ethi/.rvm/gems/ruby-2.1.0/specifications/jquery-rails-3.1.2.gemspec
I, [2014-09-20T21:30:06.288342 #7176]  INFO -- : 0:  rake (10.3.2) from /home/ethi/.rvm/gems/ruby-2.1.0/specifications/rake-10.3.2.gemspec
I, [2014-09-20T21:30:06.290019 #7176]  INFO -- : 0:  i18n (0.6.11) from /home/ethi/.rvm/gems/ruby-2.1.0/specifications/i18n-0.6.11.gemspec
I, [2014-09-20T21:30:06.291744 #7176]  INFO -- : 0:  multi_json (1.10.1) from /home/ethi/.rvm/gems/ruby-2.1.0/specifications/multi_json-1.10.1.gemspec
I, [2014-09-20T21:30:06.293536 #7176]  INFO -- : 0:  activesupport (3.2.17) from /home/ethi/.rvm/gems/ruby-2.1.0/specifications/activesupport-3.2.17.gemspec
I, [2014-09-20T21:30:06.294645 #7176]  INFO -- : 0:  builder (3.0.4) from /home/ethi/.rvm/gems/ruby-2.1.0/specifications/builder-3.0.4.gemspec
I, [2014-09-20T21:30:06.295709 #7176]  INFO -- : 0:  activemodel (3.2.17) from /home/ethi/.rvm/gems/ruby-2.1.0/specifications/activemodel-3.2.17.gemspec
I, [2014-09-20T21:30:06.297211 #7176]  INFO -- : 0:  erubis (2.7.0) from /home/ethi/.rvm/gems/ruby-2.1.0/specifications/erubis-2.7.0.gemspec
I, [2014-09-20T21:30:06.299180 #7176]  INFO -- : 0:  journey (1.0.4) from /home/ethi/.rvm/gems/ruby-2.1.0/specifications/journey-1.0.4.gemspec
I, [2014-09-20T21:30:06.300168 #7176]  INFO -- : 0:  rack (1.4.5) from /home/ethi/.rvm/gems/ruby-2.1.0/specifications/rack-1.4.5.gemspec
I, [2014-09-20T21:30:06.301213 #7176]  INFO -- : 0:  rack-cache (1.2) from /home/ethi/.rvm/gems/ruby-2.1.0/specifications/rack-cache-1.2.gemspec
I, [2014-09-20T21:30:06.303624 #7176]  INFO -- : 0:  rack-test (0.6.2) from /home/ethi/.rvm/gems/ruby-2.1.0/specifications/rack-test-0.6.2.gemspec
I, [2014-09-20T21:30:06.305952 #7176]  INFO -- : 0:  hike (1.2.3) from /home/ethi/.rvm/gems/ruby-2.1.0/specifications/hike-1.2.3.gemspec
I, [2014-09-20T21:30:06.307125 #7176]  INFO -- : 0:  tilt (1.4.1) from /home/ethi/.rvm/gems/ruby-2.1.0/specifications/tilt-1.4.1.gemspec
I, [2014-09-20T21:30:06.308168 #7176]  INFO -- : 0:  sprockets (2.2.2) from /home/ethi/.rvm/gems/ruby-2.1.0/specifications/sprockets-2.2.2.gemspec
I, [2014-09-20T21:30:06.309170 #7176]  INFO -- : 0:  actionpack (3.2.17) from /home/ethi/.rvm/gems/ruby-2.1.0/specifications/actionpack-3.2.17.gemspec
I, [2014-09-20T21:30:06.310208 #7176]  INFO -- : 0:  mime-types (1.25.1) from /home/ethi/.rvm/gems/ruby-2.1.0/specifications/mime-types-1.25.1.gemspec
I, [2014-09-20T21:30:06.312046 #7176]  INFO -- : 0:  polyglot (0.3.5) from /home/ethi/.rvm/gems/ruby-2.1.0/specifications/polyglot-0.3.5.gemspec
I, [2014-09-20T21:30:06.313583 #7176]  INFO -- : 0:  treetop (1.4.15) from /home/ethi/.rvm/gems/ruby-2.1.0/specifications/treetop-1.4.15.gemspec
I, [2014-09-20T21:30:06.314626 #7176]  INFO -- : 0:  mail (2.5.4) from /home/ethi/.rvm/gems/ruby-2.1.0/specifications/mail-2.5.4.gemspec
I, [2014-09-20T21:30:06.315681 #7176]  INFO -- : 0:  actionmailer (3.2.17) from /home/ethi/.rvm/gems/ruby-2.1.0/specifications/actionmailer-3.2.17.gemspec
I, [2014-09-20T21:30:06.316740 #7176]  INFO -- : 0:  arel (3.0.3) from /home/ethi/.rvm/gems/ruby-2.1.0/specifications/arel-3.0.3.gemspec
I, [2014-09-20T21:30:06.319660 #7176]  INFO -- : 0:  tzinfo (0.3.41) from /home/ethi/.rvm/gems/ruby-2.1.0/specifications/tzinfo-0.3.41.gemspec
I, [2014-09-20T21:30:06.321331 #7176]  INFO -- : 0:  activerecord (3.2.17) from /home/ethi/.rvm/gems/ruby-2.1.0/specifications/activerecord-3.2.17.gemspec
I, [2014-09-20T21:30:06.322377 #7176]  INFO -- : 0:  activeresource (3.2.17) from /home/ethi/.rvm/gems/ruby-2.1.0/specifications/activeresource-3.2.17.gemspec
I, [2014-09-20T21:30:06.323400 #7176]  INFO -- : 0:  addressable (2.3.6) from /home/ethi/.rvm/gems/ruby-2.1.0/specifications/addressable-2.3.6.gemspec
I, [2014-09-20T21:30:06.324399 #7176]  INFO -- : 0:  bcrypt (3.1.7) from /home/ethi/.rvm/gems/ruby-2.1.0/specifications/bcrypt-3.1.7.gemspec
I, [2014-09-20T21:30:06.325772 #7176]  INFO -- : 0:  climate_control (0.0.3) from /home/ethi/.rvm/gems/ruby-2.1.0/specifications/climate_control-0.0.3.gemspec
I, [2014-09-20T21:30:06.329499 #7176]  INFO -- : 0:  cocaine (0.5.4) from /home/ethi/.rvm/gems/ruby-2.1.0/specifications/cocaine-0.5.4.gemspec
I, [2014-09-20T21:30:06.330636 #7176]  INFO -- : 0:  coffee-script-source (1.8.0) from /home/ethi/.rvm/gems/ruby-2.1.0/specifications/coffee-script-source-1.8.0.gemspec
I, [2014-09-20T21:30:06.331602 #7176]  INFO -- : 0:  execjs (2.2.1) from /home/ethi/.rvm/gems/ruby-2.1.0/specifications/execjs-2.2.1.gemspec
I, [2014-09-20T21:30:06.332562 #7176]  INFO -- : 0:  coffee-script (2.3.0) from /home/ethi/.rvm/gems/ruby-2.1.0/specifications/coffee-script-2.3.0.gemspec
I, [2014-09-20T21:30:06.333559 #7176]  INFO -- : 0:  rack-ssl (1.3.4) from /home/ethi/.rvm/gems/ruby-2.1.0/specifications/rack-ssl-1.3.4.gemspec
I, [2014-09-20T21:30:10.263487 #7176]  INFO -- : 0:  json (1.8.1) from /home/ethi/.rvm/gems/ruby-2.1.0/specifications/json-1.8.1.gemspec
I, [2014-09-20T21:30:10.264820 #7176]  INFO -- : 0:  rdoc (3.12.2) from /home/ethi/.rvm/gems/ruby-2.1.0/specifications/rdoc-3.12.2.gemspec
I, [2014-09-20T21:30:10.265866 #7176]  INFO -- : 0:  thor (0.19.1) from /home/ethi/.rvm/gems/ruby-2.1.0/specifications/thor-0.19.1.gemspec
I, [2014-09-20T21:30:10.266804 #7176]  INFO -- : 0:  railties (3.2.17) from /home/ethi/.rvm/gems/ruby-2.1.0/specifications/railties-3.2.17.gemspec
I, [2014-09-20T21:30:10.267831 #7176]  INFO -- : 0:  coffee-rails (3.2.2) from /home/ethi/.rvm/gems/ruby-2.1.0/specifications/coffee-rails-3.2.2.gemspec
I, [2014-09-20T21:30:10.268919 #7176]  INFO -- : 0:  cookiejar (0.3.2) from /home/ethi/.rvm/gems/ruby-2.1.0/specifications/cookiejar-0.3.2.gemspec
I, [2014-09-20T21:30:10.269860 #7176]  INFO -- : 0:  daemons (1.1.9) from /home/ethi/.rvm/gems/ruby-2.1.0/specifications/daemons-1.1.9.gemspec
I, [2014-09-20T21:30:10.270867 #7176]  INFO -- : 0:  orm_adapter (0.5.0) from /home/ethi/.rvm/gems/ruby-2.1.0/specifications/orm_adapter-0.5.0.gemspec
I, [2014-09-20T21:30:10.271739 #7176]  INFO -- : 0:  thread_safe (0.3.4) from /home/ethi/.rvm/gems/ruby-2.1.0/specifications/thread_safe-0.3.4.gemspec
I, [2014-09-20T21:30:10.272600 #7176]  INFO -- : 0:  warden (1.2.3) from /home/ethi/.rvm/gems/ruby-2.1.0/specifications/warden-1.2.3.gemspec
I, [2014-09-20T21:30:10.273545 #7176]  INFO -- : 0:  devise (3.3.0) from /home/ethi/.rvm/gems/ruby-2.1.0/specifications/devise-3.3.0.gemspec
I, [2014-09-20T21:30:10.274440 #7176]  INFO -- : 0:  eventmachine (1.0.3) from /home/ethi/.rvm/gems/ruby-2.1.0/specifications/eventmachine-1.0.3.gemspec
I, [2014-09-20T21:30:10.275314 #7176]  INFO -- : 0:  em-socksify (0.3.0) from /home/ethi/.rvm/gems/ruby-2.1.0/specifications/em-socksify-0.3.0.gemspec
I, [2014-09-20T21:30:10.276222 #7176]  INFO -- : 0:  http_parser.rb (0.6.0) from /home/ethi/.rvm/gems/ruby-2.1.0/specifications/http_parser.rb-0.6.0.gemspec
I, [2014-09-20T21:30:10.277163 #7176]  INFO -- : 0:  em-http-request (1.1.2) from /home/ethi/.rvm/gems/ruby-2.1.0/specifications/em-http-request-1.1.2.gemspec
I, [2014-09-20T21:30:10.278186 #7176]  INFO -- : 0:  websocket-driver (0.3.4) from /home/ethi/.rvm/gems/ruby-2.1.0/specifications/websocket-driver-0.3.4.gemspec
I, [2014-09-20T21:30:10.279267 #7176]  INFO -- : 0:  faye-websocket (0.7.4) from /home/ethi/.rvm/gems/ruby-2.1.0/specifications/faye-websocket-0.7.4.gemspec
I, [2014-09-20T21:30:10.280495 #7176]  INFO -- : 0:  faye (1.0.3) from /home/ethi/.rvm/gems/ruby-2.1.0/specifications/faye-1.0.3.gemspec
I, [2014-09-20T21:30:10.281601 #7176]  INFO -- : 0:  jquery-rails (3.1.2) from /home/ethi/.rvm/gems/ruby-2.1.0/specifications/jquery-rails-3.1.2.gemspec
I, [2014-09-20T21:40:24.032050 #8972]  INFO -- : 0:  rake (10.3.2) from /home/ethi/.rvm/gems/ruby-2.1.0/specifications/rake-10.3.2.gemspec
I, [2014-09-20T21:40:24.033447 #8972]  INFO -- : 0:  i18n (0.6.11) from /home/ethi/.rvm/gems/ruby-2.1.0/specifications/i18n-0.6.11.gemspec
I, [2014-09-20T21:40:24.034577 #8972]  INFO -- : 0:  multi_json (1.10.1) from /home/ethi/.rvm/gems/ruby-2.1.0/specifications/multi_json-1.10.1.gemspec
I, [2014-09-20T21:40:24.035585 #8972]  INFO -- : 0:  activesupport (3.2.17) from /home/ethi/.rvm/gems/ruby-2.1.0/specifications/activesupport-3.2.17.gemspec
I, [2014-09-20T21:40:24.036588 #8972]  INFO -- : 0:  builder (3.0.4) from /home/ethi/.rvm/gems/ruby-2.1.0/specifications/builder-3.0.4.gemspec
I, [2014-09-20T21:40:24.037588 #8972]  INFO -- : 0:  activemodel (3.2.17) from /home/ethi/.rvm/gems/ruby-2.1.0/specifications/activemodel-3.2.17.gemspec
I, [2014-09-20T21:40:24.039702 #8972]  INFO -- : 0:  erubis (2.7.0) from /home/ethi/.rvm/gems/ruby-2.1.0/specifications/erubis-2.7.0.gemspec
I, [2014-09-20T21:40:24.040653 #8972]  INFO -- : 0:  journey (1.0.4) from /home/ethi/.rvm/gems/ruby-2.1.0/specifications/journey-1.0.4.gemspec
I, [2014-09-20T21:40:24.041646 #8972]  INFO -- : 0:  rack (1.4.5) from /home/ethi/.rvm/gems/ruby-2.1.0/specifications/rack-1.4.5.gemspec
I, [2014-09-20T21:40:24.042624 #8972]  INFO -- : 0:  rack-cache (1.2) from /home/ethi/.rvm/gems/ruby-2.1.0/specifications/rack-cache-1.2.gemspec
I, [2014-09-20T21:40:24.043575 #8972]  INFO -- : 0:  rack-test (0.6.2) from /home/ethi/.rvm/gems/ruby-2.1.0/specifications/rack-test-0.6.2.gemspec
I, [2014-09-20T21:40:24.044528 #8972]  INFO -- : 0:  hike (1.2.3) from /home/ethi/.rvm/gems/ruby-2.1.0/specifications/hike-1.2.3.gemspec
I, [2014-09-20T21:40:24.045511 #8972]  INFO -- : 0:  tilt (1.4.1) from /home/ethi/.rvm/gems/ruby-2.1.0/specifications/tilt-1.4.1.gemspec
I, [2014-09-20T21:40:24.046500 #8972]  INFO -- : 0:  sprockets (2.2.2) from /home/ethi/.rvm/gems/ruby-2.1.0/specifications/sprockets-2.2.2.gemspec
I, [2014-09-20T21:40:24.047507 #8972]  INFO -- : 0:  actionpack (3.2.17) from /home/ethi/.rvm/gems/ruby-2.1.0/specifications/actionpack-3.2.17.gemspec
I, [2014-09-20T21:40:24.049022 #8972]  INFO -- : 0:  mime-types (1.25.1) from /home/ethi/.rvm/gems/ruby-2.1.0/specifications/mime-types-1.25.1.gemspec
I, [2014-09-20T21:40:24.050662 #8972]  INFO -- : 0:  polyglot (0.3.5) from /home/ethi/.rvm/gems/ruby-2.1.0/specifications/polyglot-0.3.5.gemspec
I, [2014-09-20T21:40:24.051635 #8972]  INFO -- : 0:  treetop (1.4.15) from /home/ethi/.rvm/gems/ruby-2.1.0/specifications/treetop-1.4.15.gemspec
I, [2014-09-20T21:40:24.052673 #8972]  INFO -- : 0:  mail (2.5.4) from /home/ethi/.rvm/gems/ruby-2.1.0/specifications/mail-2.5.4.gemspec
I, [2014-09-20T21:40:24.053801 #8972]  INFO -- : 0:  actionmailer (3.2.17) from /home/ethi/.rvm/gems/ruby-2.1.0/specifications/actionmailer-3.2.17.gemspec
I, [2014-09-20T21:40:24.054831 #8972]  INFO -- : 0:  arel (3.0.3) from /home/ethi/.rvm/gems/ruby-2.1.0/specifications/arel-3.0.3.gemspec
I, [2014-09-20T21:40:24.055876 #8972]  INFO -- : 0:  tzinfo (0.3.41) from /home/ethi/.rvm/gems/ruby-2.1.0/specifications/tzinfo-0.3.41.gemspec
I, [2014-09-20T21:40:24.056887 #8972]  INFO -- : 0:  activerecord (3.2.17) from /home/ethi/.rvm/gems/ruby-2.1.0/specifications/activerecord-3.2.17.gemspec
I, [2014-09-20T21:40:24.058261 #8972]  INFO -- : 0:  activeresource (3.2.17) from /home/ethi/.rvm/gems/ruby-2.1.0/specifications/activeresource-3.2.17.gemspec
I, [2014-09-20T21:40:24.060262 #8972]  INFO -- : 0:  addressable (2.3.6) from /home/ethi/.rvm/gems/ruby-2.1.0/specifications/addressable-2.3.6.gemspec
I, [2014-09-20T21:40:24.061212 #8972]  INFO -- : 0:  bcrypt (3.1.7) from /home/ethi/.rvm/gems/ruby-2.1.0/specifications/bcrypt-3.1.7.gemspec
I, [2014-09-20T21:40:24.062160 #8972]  INFO -- : 0:  bundler (1.5.0) from /home/ethi/.rvm/gems/ruby-2.1.0@global/specifications/bundler-1.5.0.gemspec
I, [2014-09-20T21:40:24.063167 #8972]  INFO -- : 0:  climate_control (0.0.3) from /home/ethi/.rvm/gems/ruby-2.1.0/specifications/climate_control-0.0.3.gemspec
I, [2014-09-20T21:40:24.064120 #8972]  INFO -- : 0:  cocaine (0.5.4) from /home/ethi/.rvm/gems/ruby-2.1.0/specifications/cocaine-0.5.4.gemspec
I, [2014-09-20T21:40:24.065039 #8972]  INFO -- : 0:  coffee-script-source (1.8.0) from /home/ethi/.rvm/gems/ruby-2.1.0/specifications/coffee-script-source-1.8.0.gemspec
I, [2014-09-20T21:40:24.066027 #8972]  INFO -- : 0:  execjs (2.2.1) from /home/ethi/.rvm/gems/ruby-2.1.0/specifications/execjs-2.2.1.gemspec
I, [2014-09-20T21:40:24.068233 #8972]  INFO -- : 0:  coffee-script (2.3.0) from /home/ethi/.rvm/gems/ruby-2.1.0/specifications/coffee-script-2.3.0.gemspec
I, [2014-09-20T21:40:24.069160 #8972]  INFO -- : 0:  rack-ssl (1.3.4) from /home/ethi/.rvm/gems/ruby-2.1.0/specifications/rack-ssl-1.3.4.gemspec
I, [2014-09-20T21:40:27.087535 #8972]  INFO -- : 0:  json (1.8.1) from /home/ethi/.rvm/gems/ruby-2.1.0/specifications/json-1.8.1.gemspec
I, [2014-09-20T21:40:27.088844 #8972]  INFO -- : 0:  rdoc (3.12.2) from /home/ethi/.rvm/gems/ruby-2.1.0/specifications/rdoc-3.12.2.gemspec
I, [2014-09-20T21:40:27.089742 #8972]  INFO -- : 0:  thor (0.19.1) from /home/ethi/.rvm/gems/ruby-2.1.0/specifications/thor-0.19.1.gemspec
I, [2014-09-20T21:40:27.090618 #8972]  INFO -- : 0:  railties (3.2.17) from /home/ethi/.rvm/gems/ruby-2.1.0/specifications/railties-3.2.17.gemspec
I, [2014-09-20T21:40:27.091429 #8972]  INFO -- : 0:  coffee-rails (3.2.2) from /home/ethi/.rvm/gems/ruby-2.1.0/specifications/coffee-rails-3.2.2.gemspec
I, [2014-09-20T21:40:27.092270 #8972]  INFO -- : 0:  cookiejar (0.3.2) from /home/ethi/.rvm/gems/ruby-2.1.0/specifications/cookiejar-0.3.2.gemspec
I, [2014-09-20T21:40:27.093059 #8972]  INFO -- : 0:  daemons (1.1.9) from /home/ethi/.rvm/gems/ruby-2.1.0/specifications/daemons-1.1.9.gemspec
I, [2014-09-20T21:40:27.093887 #8972]  INFO -- : 0:  orm_adapter (0.5.0) from /home/ethi/.rvm/gems/ruby-2.1.0/specifications/orm_adapter-0.5.0.gemspec
I, [2014-09-20T21:40:27.094724 #8972]  INFO -- : 0:  thread_safe (0.3.4) from /home/ethi/.rvm/gems/ruby-2.1.0/specifications/thread_safe-0.3.4.gemspec
I, [2014-09-20T21:40:27.095558 #8972]  INFO -- : 0:  warden (1.2.3) from /home/ethi/.rvm/gems/ruby-2.1.0/specifications/warden-1.2.3.gemspec
I, [2014-09-20T21:40:27.096392 #8972]  INFO -- : 0:  devise (3.3.0) from /home/ethi/.rvm/gems/ruby-2.1.0/specifications/devise-3.3.0.gemspec
I, [2014-09-20T21:40:27.097184 #8972]  INFO -- : 0:  eventmachine (1.0.3) from /home/ethi/.rvm/gems/ruby-2.1.0/specifications/eventmachine-1.0.3.gemspec
I, [2014-09-20T21:40:27.098048 #8972]  INFO -- : 0:  em-socksify (0.3.0) from /home/ethi/.rvm/gems/ruby-2.1.0/specifications/em-socksify-0.3.0.gemspec
I, [2014-09-20T21:40:27.098851 #8972]  INFO -- : 0:  http_parser.rb (0.6.0) from /home/ethi/.rvm/gems/ruby-2.1.0/specifications/http_parser.rb-0.6.0.gemspec
I, [2014-09-20T21:40:27.099654 #8972]  INFO -- : 0:  em-http-request (1.1.2) from /home/ethi/.rvm/gems/ruby-2.1.0/specifications/em-http-request-1.1.2.gemspec
I, [2014-09-20T21:40:27.100497 #8972]  INFO -- : 0:  websocket-driver (0.3.4) from /home/ethi/.rvm/gems/ruby-2.1.0/specifications/websocket-driver-0.3.4.gemspec
I, [2014-09-20T21:40:27.101311 #8972]  INFO -- : 0:  faye-websocket (0.7.4) from /home/ethi/.rvm/gems/ruby-2.1.0/specifications/faye-websocket-0.7.4.gemspec
I, [2014-09-20T21:40:27.102243 #8972]  INFO -- : 0:  faye (1.0.3) from /home/ethi/.rvm/gems/ruby-2.1.0/specifications/faye-1.0.3.gemspec
I, [2014-09-20T21:40:27.103066 #8972]  INFO -- : 0:  jquery-rails (3.1.2) from /home/ethi/.rvm/gems/ruby-2.1.0/specifications/jquery-rails-3.1.2.gemspec
I, [2014-09-20T21:40:34.128572 #8972]  INFO -- : 0:  paperclip (4.2.0) from /home/ethi/.rvm/gems/ruby-2.1.0/specifications/paperclip-4.2.0.gemspec
I, [2014-09-20T21:40:34.130049 #8972]  INFO -- : 0:  private_pub (1.0.3) from /home/ethi/.rvm/gems/ruby-2.1.0/specifications/private_pub-1.0.3.gemspec
I, [2014-09-20T21:40:34.131199 #8972]  INFO -- : 0:  rails (3.2.17) from /home/ethi/.rvm/gems/ruby-2.1.0/specifications/rails-3.2.17.gemspec
I, [2014-09-20T21:40:34.132339 #8972]  INFO -- : 0:  sass (3.4.4) from /home/ethi/.rvm/gems/ruby-2.1.0/specifications/sass-3.4.4.gemspec
I, [2014-09-20T21:40:34.133490 #8972]  INFO -- : 0:  sass-rails (3.2.6) from /home/ethi/.rvm/gems/ruby-2.1.0/specifications/sass-rails-3.2.6.gemspec
I, [2014-09-20T21:40:34.134602 #8972]  INFO -- : 0:  sqlite3 (1.3.9) from /home/ethi/.rvm/gems/ruby-2.1.0/specifications/sqlite3-1.3.9.gemspec
I, [2014-09-20T21:40:34.135721 #8972]  INFO -- : 0:  strong_parameters (0.2.3) from /home/ethi/.rvm/gems/ruby-2.1.0/specifications/strong_parameters-0.2.3.gemspec
I, [2014-09-20T21:40:34.136805 #8972]  INFO -- : 0:  thin (1.6.2) from /home/ethi/.rvm/gems/ruby-2.1.0/specifications/thin-1.6.2.gemspec
I, [2014-09-20T21:40:34.137948 #8972]  INFO -- : 0:  uglifier (2.5.3) from /home/ethi/.rvm/gems/ruby-2.1.0/specifications/uglifier-2.5.3.gemspec
I, [2014-09-20T21:40:34.141000 #8972]  INFO -- : 0:  will_paginate (3.0.7) from /home/ethi/.rvm/gems/ruby-2.1.0/specifications/will_paginate-3.0.7.gemspec
I, [2014-09-20T21:40:34.143468 #8972]  INFO -- : 0:  zurb-foundation (4.3.2) from /home/ethi/.rvm/gems/ruby-2.1.0/specifications/zurb-foundation-4.3.2.gemspec
